w:\dosbox\dosbox\deps\sdl2-2.0.4\visualc\sdl\win32\debug\sdl_atomic.obj
w:\dosbox\dosbox\deps\sdl2-2.0.4\visualc\sdl\win32\debug\sdl_assert.obj
w:\dosbox\dosbox\deps\sdl2-2.0.4\visualc\sdl\win32\debug\sdl.obj
w:\dosbox\dosbox\deps\sdl2-2.0.4\visualc\sdl\win32\debug\s_tan.obj
w:\dosbox\dosbox\deps\sdl2-2.0.4\visualc\sdl\win32\debug\s_sin.obj
w:\dosbox\dosbox\deps\sdl2-2.0.4\visualc\sdl\win32\debug\s_scalbn.obj
w:\dosbox\dosbox\deps\sdl2-2.0.4\visualc\sdl\win32\debug\s_floor.obj
w:\dosbox\dosbox\deps\sdl2-2.0.4\visualc\sdl\win32\debug\s_fabs.obj
w:\dosbox\dosbox\deps\sdl2-2.0.4\visualc\sdl\win32\debug\s_cos.obj
w:\dosbox\dosbox\deps\sdl2-2.0.4\visualc\sdl\win32\debug\s_copysign.obj
w:\dosbox\dosbox\deps\sdl2-2.0.4\visualc\sdl\win32\debug\s_atan.obj
w:\dosbox\dosbox\deps\sdl2-2.0.4\visualc\sdl\win32\debug\k_tan.obj
w:\dosbox\dosbox\deps\sdl2-2.0.4\visualc\sdl\win32\debug\k_sin.obj
w:\dosbox\dosbox\deps\sdl2-2.0.4\visualc\sdl\win32\debug\k_rem_pio2.obj
w:\dosbox\dosbox\deps\sdl2-2.0.4\visualc\sdl\win32\debug\k_cos.obj
w:\dosbox\dosbox\deps\sdl2-2.0.4\visualc\sdl\win32\debug\e_sqrt.obj
w:\dosbox\dosbox\deps\sdl2-2.0.4\visualc\sdl\win32\debug\e_rem_pio2.obj
w:\dosbox\dosbox\deps\sdl2-2.0.4\visualc\sdl\win32\debug\e_pow.obj
w:\dosbox\dosbox\deps\sdl2-2.0.4\visualc\sdl\win32\debug\e_log.obj
w:\dosbox\dosbox\deps\sdl2-2.0.4\visualc\sdl\win32\debug\e_atan2.obj
w:\dosbox\dosbox\deps\sdl2-2.0.4\visualc\sdl\win32\debug\sdl_d3dmath.obj
w:\dosbox\dosbox\deps\sdl2-2.0.4\visualc\sdl\win32\debug\sdl_cpuinfo.obj
w:\dosbox\dosbox\deps\sdl2-2.0.4\visualc\sdl\win32\debug\sdl_clipboardevents.obj
w:\dosbox\dosbox\deps\sdl2-2.0.4\visualc\sdl\win32\debug\sdl_clipboard.obj
w:\dosbox\dosbox\deps\sdl2-2.0.4\visualc\sdl\win32\debug\sdl_bmp.obj
w:\dosbox\dosbox\deps\sdl2-2.0.4\visualc\sdl\win32\debug\sdl_blit_slow.obj
w:\dosbox\dosbox\deps\sdl2-2.0.4\visualc\sdl\win32\debug\sdl_blit_n.obj
w:\dosbox\dosbox\deps\sdl2-2.0.4\visualc\sdl\win32\debug\sdl_blit_copy.obj
w:\dosbox\dosbox\deps\sdl2-2.0.4\visualc\sdl\win32\debug\sdl_blit_auto.obj
w:\dosbox\dosbox\deps\sdl2-2.0.4\visualc\sdl\win32\debug\sdl_blit_a.obj
w:\dosbox\dosbox\deps\sdl2-2.0.4\visualc\sdl\win32\debug\sdl_blit_1.obj
w:\dosbox\dosbox\deps\sdl2-2.0.4\visualc\sdl\win32\debug\sdl_blit_0.obj
w:\dosbox\dosbox\deps\sdl2-2.0.4\visualc\sdl\win32\debug\sdl_blit.obj
w:\dosbox\dosbox\deps\sdl2-2.0.4\visualc\sdl\win32\debug\sdl_blendpoint.obj
w:\dosbox\dosbox\deps\sdl2-2.0.4\visualc\sdl\win32\debug\sdl_blendline.obj
w:\dosbox\dosbox\deps\sdl2-2.0.4\visualc\sdl\win32\debug\sdl_blendfillrect.obj
w:\dosbox\dosbox\deps\sdl2-2.0.4\visualc\sdl\win32\debug\sdl_audiotypecvt.obj
w:\dosbox\dosbox\deps\sdl2-2.0.4\visualc\sdl\win32\debug\sdl_audiodev.obj
w:\dosbox\dosbox\deps\sdl2-2.0.4\visualc\sdl\win32\debug\sdl_audiocvt.obj
w:\dosbox\dosbox\deps\sdl2-2.0.4\visualc\sdl\win32\debug\sdl_audio.obj
w:\dosbox\dosbox\deps\sdl2-2.0.4\visualc\sdl\win32\debug\sdl_joystick.obj
w:\dosbox\dosbox\deps\sdl2-2.0.4\visualc\sdl\win32\debug\sdl_iconv.obj
w:\dosbox\dosbox\deps\sdl2-2.0.4\visualc\sdl\win32\debug\sdl_hints.obj
w:\dosbox\dosbox\deps\sdl2-2.0.4\visualc\sdl\win32\debug\sdl_haptic.obj
w:\dosbox\dosbox\deps\sdl2-2.0.4\visualc\sdl\win32\debug\sdl_getenv.obj
w:\dosbox\dosbox\deps\sdl2-2.0.4\visualc\sdl\win32\debug\sdl_gesture.obj
w:\dosbox\dosbox\deps\sdl2-2.0.4\visualc\sdl\win32\debug\sdl_gamecontroller.obj
w:\dosbox\dosbox\deps\sdl2-2.0.4\visualc\sdl\win32\debug\sdl_fillrect.obj
w:\dosbox\dosbox\deps\sdl2-2.0.4\visualc\sdl\win32\debug\sdl_events.obj
w:\dosbox\dosbox\deps\sdl2-2.0.4\visualc\sdl\win32\debug\sdl_error.obj
w:\dosbox\dosbox\deps\sdl2-2.0.4\visualc\sdl\win32\debug\sdl_egl.obj
w:\dosbox\dosbox\deps\sdl2-2.0.4\visualc\sdl\win32\debug\sdl_dynapi.obj
w:\dosbox\dosbox\deps\sdl2-2.0.4\visualc\sdl\win32\debug\sdl_dummyaudio.obj
w:\dosbox\dosbox\deps\sdl2-2.0.4\visualc\sdl\win32\debug\sdl_dropevents.obj
w:\dosbox\dosbox\deps\sdl2-2.0.4\visualc\sdl\win32\debug\sdl_drawpoint.obj
w:\dosbox\dosbox\deps\sdl2-2.0.4\visualc\sdl\win32\debug\sdl_drawline.obj
w:\dosbox\dosbox\deps\sdl2-2.0.4\visualc\sdl\win32\debug\sdl_diskaudio.obj
w:\dosbox\dosbox\deps\sdl2-2.0.4\visualc\sdl\win32\debug\sdl_directsound.obj
w:\dosbox\dosbox\deps\sdl2-2.0.4\visualc\sdl\win32\debug\sdl_dinputjoystick.obj
w:\dosbox\dosbox\deps\sdl2-2.0.4\visualc\sdl\win32\debug\sdl_dinputhaptic.obj
w:\dosbox\dosbox\deps\sdl2-2.0.4\visualc\sdl\win32\debug\sdl_render_sw.obj
w:\dosbox\dosbox\deps\sdl2-2.0.4\visualc\sdl\win32\debug\sdl_render_gles2.obj
w:\dosbox\dosbox\deps\sdl2-2.0.4\visualc\sdl\win32\debug\sdl_render_gl.obj
w:\dosbox\dosbox\deps\sdl2-2.0.4\visualc\sdl\win32\debug\sdl_render_d3d11.obj
w:\dosbox\dosbox\deps\sdl2-2.0.4\visualc\sdl\win32\debug\sdl_render_d3d.obj
w:\dosbox\dosbox\deps\sdl2-2.0.4\visualc\sdl\win32\debug\sdl_render.obj
w:\dosbox\dosbox\deps\sdl2-2.0.4\visualc\sdl\win32\debug\sdl_rect.obj
w:\dosbox\dosbox\deps\sdl2-2.0.4\visualc\sdl\win32\debug\sdl_quit.obj
w:\dosbox\dosbox\deps\sdl2-2.0.4\visualc\sdl\win32\debug\sdl_qsort.obj
w:\dosbox\dosbox\deps\sdl2-2.0.4\visualc\sdl\win32\debug\sdl_power.obj
w:\dosbox\dosbox\deps\sdl2-2.0.4\visualc\sdl\win32\debug\sdl_pixels.obj
w:\dosbox\dosbox\deps\sdl2-2.0.4\visualc\sdl\win32\debug\sdl_nullvideo.obj
w:\dosbox\dosbox\deps\sdl2-2.0.4\visualc\sdl\win32\debug\sdl_nullframebuffer.obj
w:\dosbox\dosbox\deps\sdl2-2.0.4\visualc\sdl\win32\debug\sdl_nullevents.obj
w:\dosbox\dosbox\deps\sdl2-2.0.4\visualc\sdl\win32\debug\sdl_mouse.obj
w:\dosbox\dosbox\deps\sdl2-2.0.4\visualc\sdl\win32\debug\sdl_mmjoystick.obj
w:\dosbox\dosbox\deps\sdl2-2.0.4\visualc\sdl\win32\debug\sdl_mixer.obj
w:\dosbox\dosbox\deps\sdl2-2.0.4\visualc\sdl\win32\debug\sdl_malloc.obj
w:\dosbox\dosbox\deps\sdl2-2.0.4\visualc\sdl\win32\debug\sdl_log.obj
w:\dosbox\dosbox\deps\sdl2-2.0.4\visualc\sdl\win32\debug\sdl_keyboard.obj
w:\dosbox\dosbox\deps\sdl2-2.0.4\visualc\sdl\win32\debug\sdl_systls.obj
w:\dosbox\dosbox\deps\sdl2-2.0.4\visualc\sdl\win32\debug\sdl_systimer.obj
w:\dosbox\dosbox\deps\sdl2-2.0.4\visualc\sdl\win32\debug\sdl_systhread.obj
w:\dosbox\dosbox\deps\sdl2-2.0.4\visualc\sdl\win32\debug\sdl_syssem.obj
w:\dosbox\dosbox\deps\sdl2-2.0.4\visualc\sdl\win32\debug\sdl_syspower.obj
w:\dosbox\dosbox\deps\sdl2-2.0.4\visualc\sdl\win32\debug\sdl_sysmutex.obj
w:\dosbox\dosbox\deps\sdl2-2.0.4\visualc\sdl\win32\debug\sdl_sysloadso.obj
w:\dosbox\dosbox\deps\sdl2-2.0.4\visualc\sdl\win32\debug\sdl_sysfilesystem.obj
w:\dosbox\dosbox\deps\sdl2-2.0.4\visualc\sdl\win32\debug\sdl_syscond.obj
w:\dosbox\dosbox\deps\sdl2-2.0.4\visualc\sdl\win32\debug\sdl_surface.obj
w:\dosbox\dosbox\deps\sdl2-2.0.4\visualc\sdl\win32\debug\sdl_string.obj
w:\dosbox\dosbox\deps\sdl2-2.0.4\visualc\sdl\win32\debug\sdl_stretch.obj
w:\dosbox\dosbox\deps\sdl2-2.0.4\visualc\sdl\win32\debug\sdl_stdlib.obj
w:\dosbox\dosbox\deps\sdl2-2.0.4\visualc\sdl\win32\debug\sdl_spinlock.obj
w:\dosbox\dosbox\deps\sdl2-2.0.4\visualc\sdl\win32\debug\sdl_shape.obj
w:\dosbox\dosbox\deps\sdl2-2.0.4\visualc\sdl\win32\debug\sdl_shaders_gles2.obj
w:\dosbox\dosbox\deps\sdl2-2.0.4\visualc\sdl\win32\debug\sdl_shaders_gl.obj
w:\dosbox\dosbox\deps\sdl2-2.0.4\visualc\sdl\win32\debug\sdl_rwops.obj
w:\dosbox\dosbox\deps\sdl2-2.0.4\visualc\sdl\win32\debug\sdl_rotate.obj
w:\dosbox\dosbox\deps\sdl2-2.0.4\visualc\sdl\win32\debug\sdl_rleaccel.obj
w:\dosbox\dosbox\deps\sdl2-2.0.4\visualc\sdl\win32\debug\sdl_windowsvideo.obj
w:\dosbox\dosbox\deps\sdl2-2.0.4\visualc\sdl\win32\debug\sdl_windowsshape.obj
w:\dosbox\dosbox\deps\sdl2-2.0.4\visualc\sdl\win32\debug\sdl_windowsopengles.obj
w:\dosbox\dosbox\deps\sdl2-2.0.4\visualc\sdl\win32\debug\sdl_windowsopengl.obj
w:\dosbox\dosbox\deps\sdl2-2.0.4\visualc\sdl\win32\debug\sdl_windowsmouse.obj
w:\dosbox\dosbox\deps\sdl2-2.0.4\visualc\sdl\win32\debug\sdl_windowsmodes.obj
w:\dosbox\dosbox\deps\sdl2-2.0.4\visualc\sdl\win32\debug\sdl_windowsmessagebox.obj
w:\dosbox\dosbox\deps\sdl2-2.0.4\visualc\sdl\win32\debug\sdl_windowskeyboard.obj
w:\dosbox\dosbox\deps\sdl2-2.0.4\visualc\sdl\win32\debug\sdl_windowsjoystick.obj
w:\dosbox\dosbox\deps\sdl2-2.0.4\visualc\sdl\win32\debug\sdl_windowshaptic.obj
w:\dosbox\dosbox\deps\sdl2-2.0.4\visualc\sdl\win32\debug\sdl_windowsframebuffer.obj
w:\dosbox\dosbox\deps\sdl2-2.0.4\visualc\sdl\win32\debug\sdl_windowsevents.obj
w:\dosbox\dosbox\deps\sdl2-2.0.4\visualc\sdl\win32\debug\sdl_windowsclipboard.obj
w:\dosbox\dosbox\deps\sdl2-2.0.4\visualc\sdl\win32\debug\sdl_windows.obj
w:\dosbox\dosbox\deps\sdl2-2.0.4\visualc\sdl\win32\debug\sdl_windowevents.obj
w:\dosbox\dosbox\deps\sdl2-2.0.4\visualc\sdl\win32\debug\sdl_wave.obj
w:\dosbox\dosbox\deps\sdl2-2.0.4\visualc\sdl\win32\debug\sdl_video.obj
w:\dosbox\dosbox\deps\sdl2-2.0.4\visualc\sdl\win32\debug\sdl_touch.obj
w:\dosbox\dosbox\deps\sdl2-2.0.4\visualc\sdl\win32\debug\sdl_timer.obj
w:\dosbox\dosbox\deps\sdl2-2.0.4\visualc\sdl\win32\debug\sdl_thread.obj
w:\dosbox\dosbox\deps\sdl2-2.0.4\visualc\sdl\win32\debug\sdl_yuv_sw.obj
w:\dosbox\dosbox\deps\sdl2-2.0.4\visualc\sdl\win32\debug\sdl_yuv_mmx.obj
w:\dosbox\dosbox\deps\sdl2-2.0.4\visualc\sdl\win32\debug\sdl_xinputjoystick.obj
w:\dosbox\dosbox\deps\sdl2-2.0.4\visualc\sdl\win32\debug\sdl_xinputhaptic.obj
w:\dosbox\dosbox\deps\sdl2-2.0.4\visualc\sdl\win32\debug\sdl_xinput.obj
w:\dosbox\dosbox\deps\sdl2-2.0.4\visualc\sdl\win32\debug\sdl_xaudio2.obj
w:\dosbox\dosbox\deps\sdl2-2.0.4\visualc\sdl\win32\debug\sdl_winmm.obj
w:\dosbox\dosbox\deps\sdl2-2.0.4\visualc\sdl\win32\debug\sdl_windowswindow.obj
w:\dosbox\dosbox\visualc_net\win32\debug\sdl2.lib
w:\dosbox\dosbox\visualc_net\win32\debug\sdl2.ilk
w:\dosbox\dosbox\visualc_net\win32\debug\sdl2.dll
w:\dosbox\dosbox\visualc_net\win32\debug\sdl2.pdb
w:\dosbox\dosbox\deps\sdl2-2.0.4\visualc\sdl\win32\debug\version.res
w:\dosbox\dosbox\visualc_net\win32\debug\sdl2.exp
w:\dosbox\dosbox\deps\sdl2-2.0.4\visualc\sdl\win32\debug\sdl2.tlog\cl.command.1.tlog
w:\dosbox\dosbox\deps\sdl2-2.0.4\visualc\sdl\win32\debug\sdl2.tlog\cl.read.1.tlog
w:\dosbox\dosbox\deps\sdl2-2.0.4\visualc\sdl\win32\debug\sdl2.tlog\cl.write.1.tlog
w:\dosbox\dosbox\deps\sdl2-2.0.4\visualc\sdl\win32\debug\sdl2.tlog\lib-link-cvtres.read.1.tlog
w:\dosbox\dosbox\deps\sdl2-2.0.4\visualc\sdl\win32\debug\sdl2.tlog\lib-link-cvtres.write.1.tlog
w:\dosbox\dosbox\deps\sdl2-2.0.4\visualc\sdl\win32\debug\sdl2.tlog\lib.command.1.tlog
w:\dosbox\dosbox\deps\sdl2-2.0.4\visualc\sdl\win32\debug\sdl2.tlog\link.command.1.tlog
w:\dosbox\dosbox\deps\sdl2-2.0.4\visualc\sdl\win32\debug\sdl2.tlog\link.read.1.tlog
w:\dosbox\dosbox\deps\sdl2-2.0.4\visualc\sdl\win32\debug\sdl2.tlog\link.write.1.tlog
w:\dosbox\dosbox\deps\sdl2-2.0.4\visualc\sdl\win32\debug\sdl2.tlog\rc.command.1.tlog
w:\dosbox\dosbox\deps\sdl2-2.0.4\visualc\sdl\win32\debug\sdl2.tlog\rc.read.1.tlog
w:\dosbox\dosbox\deps\sdl2-2.0.4\visualc\sdl\win32\debug\sdl2.tlog\rc.write.1.tlog
w:\dosbox\dosbox\deps\sdl2-2.0.4\visualc\sdl\win32\debug\sdl2.tlog\sdl2.write.1u.tlog
